app/build/intermediates/manifest_merge_blame_file/debug/manifest-merger-blame-debug-report.txt
1<?xml version="1.0" encoding="utf-8"?>
2<manifest xmlns:android="http://schemas.android.com/apk/res/android"
3    package="al.viki"
4    android:versionCode="1"
5    android:versionName="1.0" >
6
7    <uses-sdk
8        android:minSdkVersion="24"
8-->src/main/AndroidManifest.xml
9        android:targetSdkVersion="33" />
9-->src/main/AndroidManifest.xml
10
11    <uses-permission android:name="android.permission.ACCESS_COARSE_LOCATION" />
11-->src/main/AndroidManifest.xml:5:5-81
11-->src/main/AndroidManifest.xml:5:22-78
12    <uses-permission android:name="android.permission.ACCESS_FINE_LOCATION" />
12-->src/main/AndroidManifest.xml:6:5-79
12-->src/main/AndroidManifest.xml:6:22-76
13    <uses-permission android:name="android.permission.POST_NOTIFICATIONS" />
13-->src/main/AndroidManifest.xml:7:5-76
13-->src/main/AndroidManifest.xml:7:22-74
14    <uses-permission android:name="android.permission.INTERNET" />
14-->src/main/AndroidManifest.xml:8:5-66
14-->src/main/AndroidManifest.xml:8:22-64
15    <uses-permission android:name="android.permission.ACCESS_NETWORK_STATE" />
15-->src/main/AndroidManifest.xml:9:5-78
15-->src/main/AndroidManifest.xml:9:22-76
16    <uses-permission android:name="android.permission.CHANGE_NETWORK_STATE" />
16-->src/main/AndroidManifest.xml:10:5-78
16-->src/main/AndroidManifest.xml:10:22-76
17    <uses-permission android:name="android.permission.READ_EXTERNAL_STORAGE" />
17-->src/main/AndroidManifest.xml:11:5-80
17-->src/main/AndroidManifest.xml:11:22-77
18    <uses-permission
18-->src/main/AndroidManifest.xml:12:5-14:38
19        android:name="android.permission.≈"
19-->src/main/AndroidManifest.xml:13:9-44
20        android:maxSdkVersion="28" />
20-->src/main/AndroidManifest.xml:14:9-35
21
22    <uses-feature
22-->[com.google.android.gms:play-services-maps:18.1.0] AndroidManifest.xml:26:5-28:35
23        android:glEsVersion="0x00020000"
23-->[com.google.android.gms:play-services-maps:18.1.0] AndroidManifest.xml:27:9-41
24        android:required="true" />
24-->[com.google.android.gms:play-services-maps:18.1.0] AndroidManifest.xml:28:9-32
25
26    <queries>
26-->[com.google.android.gms:play-services-maps:18.1.0] AndroidManifest.xml:30:5-34:15
27
28        <!-- Needs to be explicitly declared on Android R+ -->
29        <package android:name="com.google.android.apps.maps" />
29-->[com.google.android.gms:play-services-maps:18.1.0] AndroidManifest.xml:33:9-64
29-->[com.google.android.gms:play-services-maps:18.1.0] AndroidManifest.xml:33:18-61
30    </queries>
31
32    <uses-permission android:name="android.permission.WAKE_LOCK" />
32-->[com.google.android.gms:play-services-measurement-api:21.0.0] AndroidManifest.xml:24:5-68
32-->[com.google.android.gms:play-services-measurement-api:21.0.0] AndroidManifest.xml:24:22-65
33    <uses-permission android:name="com.google.android.gms.permission.AD_ID" />
33-->[com.google.android.gms:play-services-measurement-api:21.0.0] AndroidManifest.xml:25:5-79
33-->[com.google.android.gms:play-services-measurement-api:21.0.0] AndroidManifest.xml:25:22-76
34    <uses-permission android:name="com.google.android.finsky.permission.BIND_GET_INSTALL_REFERRER_SERVICE" />
34-->[com.google.android.gms:play-services-measurement:21.0.0] AndroidManifest.xml:26:5-110
34-->[com.google.android.gms:play-services-measurement:21.0.0] AndroidManifest.xml:26:22-107
35    <uses-permission android:name="android.permission.RECEIVE_BOOT_COMPLETED" />
35-->[androidx.work:work-runtime:2.7.1] AndroidManifest.xml:27:5-81
35-->[androidx.work:work-runtime:2.7.1] AndroidManifest.xml:27:22-78
36    <uses-permission android:name="android.permission.FOREGROUND_SERVICE" />
36-->[androidx.work:work-runtime:2.7.1] AndroidManifest.xml:28:5-77
36-->[androidx.work:work-runtime:2.7.1] AndroidManifest.xml:28:22-74
37
38    <permission
38-->[androidx.core:core:1.9.0-alpha05] AndroidManifest.xml:23:5-25:47
39        android:name="al.viki.DYNAMIC_RECEIVER_NOT_EXPORTED_PERMISSION"
39-->[androidx.core:core:1.9.0-alpha05] AndroidManifest.xml:24:9-81
40        android:protectionLevel="signature" />
40-->[androidx.core:core:1.9.0-alpha05] AndroidManifest.xml:25:9-44
41
42    <uses-permission android:name="al.viki.DYNAMIC_RECEIVER_NOT_EXPORTED_PERMISSION" />
42-->[androidx.core:core:1.9.0-alpha05] AndroidManifest.xml:27:5-97
42-->[androidx.core:core:1.9.0-alpha05] AndroidManifest.xml:27:22-94
43
44    <application
44-->src/main/AndroidManifest.xml:15:5-97:19
45        android:name="al.viki.VikiApplication"
45-->src/main/AndroidManifest.xml:16:9-40
46        android:allowBackup="true"
46-->src/main/AndroidManifest.xml:17:9-35
47        android:appComponentFactory="androidx.core.app.CoreComponentFactory"
47-->[androidx.core:core:1.9.0-alpha05] AndroidManifest.xml:29:18-86
48        android:dataExtractionRules="@xml/data_extraction_rules"
48-->src/main/AndroidManifest.xml:19:9-65
49        android:debuggable="true"
50        android:extractNativeLibs="false"
51        android:fullBackupContent="@xml/backup_rules"
51-->src/main/AndroidManifest.xml:20:9-54
52        android:icon="@mipmap/ic_launcher"
52-->src/main/AndroidManifest.xml:21:9-43
53        android:label="@string/app_name"
53-->src/main/AndroidManifest.xml:22:9-41
54        android:roundIcon="@mipmap/ic_launcher_round"
54-->src/main/AndroidManifest.xml:23:9-54
55        android:supportsRtl="true"
55-->src/main/AndroidManifest.xml:24:9-35
56        android:testOnly="true"
57        android:theme="@style/Theme.Viki"
57-->src/main/AndroidManifest.xml:25:9-42
58        android:usesCleartextTraffic="true" >
58-->src/main/AndroidManifest.xml:18:9-44
59        <meta-data
60            android:name="com.google.android.geo.API_KEY"
60-->src/main/AndroidManifest.xml:28:13-58
61            android:value="AIzaSyCIUsbccY7f_7nxY3YrAoLOCUGuX_PwLgc" />
61-->src/main/AndroidManifest.xml:29:13-44
62        <meta-data
62-->src/main/AndroidManifest.xml:31:9-33:69
63            android:name="com.google.android.gms.version"
63-->src/main/AndroidManifest.xml:32:13-58
64            android:value="@integer/google_play_services_version" />
64-->src/main/AndroidManifest.xml:33:13-66
65
66        <provider
66-->src/main/AndroidManifest.xml:35:9-43:20
67            android:name="androidx.core.content.FileProvider"
67-->src/main/AndroidManifest.xml:36:13-62
68            android:authorities="al.viki.provider"
68-->src/main/AndroidManifest.xml:37:13-51
69            android:exported="false"
69-->src/main/AndroidManifest.xml:38:13-37
70            android:grantUriPermissions="true" >
70-->src/main/AndroidManifest.xml:39:13-47
71            <meta-data
71-->src/main/AndroidManifest.xml:40:13-42:58
72                android:name="android.support.FILE_PROVIDER_PATHS"
72-->src/main/AndroidManifest.xml:41:17-67
73                android:resource="@xml/provider_paths" />
73-->src/main/AndroidManifest.xml:42:17-55
74        </provider>
75
76        <activity
76-->src/main/AndroidManifest.xml:45:9-53:20
77            android:name="al.viki.ui.main.MainActivity"
77-->src/main/AndroidManifest.xml:46:13-49
78            android:exported="true"
78-->src/main/AndroidManifest.xml:48:13-36
79            android:windowSoftInputMode="stateHidden|adjustResize" >
79-->src/main/AndroidManifest.xml:47:13-67
80            <intent-filter>
80-->src/main/AndroidManifest.xml:49:13-52:29
81                <action android:name="android.intent.action.MAIN" />
81-->src/main/AndroidManifest.xml:50:17-69
81-->src/main/AndroidManifest.xml:50:25-66
82
83                <category android:name="android.intent.category.LAUNCHER" />
83-->src/main/AndroidManifest.xml:51:17-77
83-->src/main/AndroidManifest.xml:51:27-74
84            </intent-filter>
85        </activity>
86        <activity android:name="al.viki.ui.location.RequestLocationActivity" />
86-->src/main/AndroidManifest.xml:55:9-56:66
86-->src/main/AndroidManifest.xml:56:13-64
87        <activity
87-->src/main/AndroidManifest.xml:58:9-60:57
88            android:name="al.viki.authentication.auth.AuthenticationActivity"
88-->src/main/AndroidManifest.xml:59:13-71
89            android:windowSoftInputMode="adjustResize" />
89-->src/main/AndroidManifest.xml:60:13-55
90        <activity
90-->src/main/AndroidManifest.xml:62:9-64:57
91            android:name="al.viki.authentication.forgot.password.ForgotPasswordActivity"
91-->src/main/AndroidManifest.xml:63:13-89
92            android:windowSoftInputMode="adjustResize" />
92-->src/main/AndroidManifest.xml:64:13-55
93        <activity
93-->src/main/AndroidManifest.xml:66:9-80:20
94            android:name="al.viki.authentication.register.RegisterActivity"
94-->src/main/AndroidManifest.xml:67:13-76
95            android:exported="true"
95-->src/main/AndroidManifest.xml:70:13-36
96            android:launchMode="singleTask"
96-->src/main/AndroidManifest.xml:69:13-44
97            android:windowSoftInputMode="adjustResize" >
97-->src/main/AndroidManifest.xml:68:13-55
98            <intent-filter>
98-->src/main/AndroidManifest.xml:71:13-79:29
99                <action android:name="android.intent.action.VIEW" />
99-->src/main/AndroidManifest.xml:72:17-69
99-->src/main/AndroidManifest.xml:72:25-66
100
101                <category android:name="android.intent.category.DEFAULT" />
101-->src/main/AndroidManifest.xml:73:17-76
101-->src/main/AndroidManifest.xml:73:27-73
102                <category android:name="android.intent.category.BROWSABLE" />
102-->src/main/AndroidManifest.xml:74:17-78
102-->src/main/AndroidManifest.xml:74:27-75
103
104                <data
104-->src/main/AndroidManifest.xml:75:17-78:59
105                    android:host="{host}"
105-->src/main/AndroidManifest.xml:77:21-42
106                    android:pathPrefix="/requestAccount"
106-->src/main/AndroidManifest.xml:78:21-57
107                    android:scheme="http" />
107-->src/main/AndroidManifest.xml:76:21-42
108            </intent-filter>
109        </activity>
110        <activity
110-->src/main/AndroidManifest.xml:82:9-96:20
111            android:name="al.viki.authentication.forgot.password.ChangePasswordActivity"
111-->src/main/AndroidManifest.xml:83:13-89
112            android:exported="true"
112-->src/main/AndroidManifest.xml:86:13-36
113            android:launchMode="singleTask"
113-->src/main/AndroidManifest.xml:85:13-44
114            android:windowSoftInputMode="adjustResize" >
114-->src/main/AndroidManifest.xml:84:13-55
115            <intent-filter>
115-->src/main/AndroidManifest.xml:87:13-95:29
116                <action android:name="android.intent.action.VIEW" />
116-->src/main/AndroidManifest.xml:72:17-69
116-->src/main/AndroidManifest.xml:72:25-66
117
118                <category android:name="android.intent.category.DEFAULT" />
118-->src/main/AndroidManifest.xml:73:17-76
118-->src/main/AndroidManifest.xml:73:27-73
119                <category android:name="android.intent.category.BROWSABLE" />
119-->src/main/AndroidManifest.xml:74:17-78
119-->src/main/AndroidManifest.xml:74:27-75
120
121                <data
121-->src/main/AndroidManifest.xml:75:17-78:59
122                    android:host="{host}"
122-->src/main/AndroidManifest.xml:77:21-42
123                    android:pathPrefix="/forgotPassword"
123-->src/main/AndroidManifest.xml:78:21-57
124                    android:scheme="http" />
124-->src/main/AndroidManifest.xml:76:21-42
125            </intent-filter>
126        </activity>
127        <!-- Needs to be explicitly declared on P+ -->
128        <uses-library
128-->[com.google.android.gms:play-services-maps:18.1.0] AndroidManifest.xml:39:9-41:40
129            android:name="org.apache.http.legacy"
129-->[com.google.android.gms:play-services-maps:18.1.0] AndroidManifest.xml:40:13-50
130            android:required="false" />
130-->[com.google.android.gms:play-services-maps:18.1.0] AndroidManifest.xml:41:13-37
131
132        <service
132-->[com.google.firebase:firebase-storage-ktx:20.0.1] AndroidManifest.xml:12:9-18:19
133            android:name="com.google.firebase.components.ComponentDiscoveryService"
133-->[com.google.firebase:firebase-storage-ktx:20.0.1] AndroidManifest.xml:13:13-84
134            android:directBootAware="true"
134-->[com.google.firebase:firebase-common:20.1.1] AndroidManifest.xml:35:13-43
135            android:exported="false" >
135-->[com.google.firebase:firebase-storage-ktx:20.0.1] AndroidManifest.xml:14:13-37
136            <meta-data
136-->[com.google.firebase:firebase-storage-ktx:20.0.1] AndroidManifest.xml:15:13-17:85
137                android:name="com.google.firebase.components:com.google.firebase.storage.ktx.FirebaseStorageKtxRegistrar"
137-->[com.google.firebase:firebase-storage-ktx:20.0.1] AndroidManifest.xml:16:17-122
138                android:value="com.google.firebase.components.ComponentRegistrar" />
138-->[com.google.firebase:firebase-storage-ktx:20.0.1] AndroidManifest.xml:17:17-82
139            <meta-data
139-->[com.google.firebase:firebase-storage:20.0.1] AndroidManifest.xml:33:13-35:85
140                android:name="com.google.firebase.components:com.google.firebase.storage.StorageRegistrar"
140-->[com.google.firebase:firebase-storage:20.0.1] AndroidManifest.xml:34:17-107
141                android:value="com.google.firebase.components.ComponentRegistrar" />
141-->[com.google.firebase:firebase-storage:20.0.1] AndroidManifest.xml:35:17-82
142            <meta-data
142-->[com.google.firebase:firebase-crashlytics-ktx:18.2.11] AndroidManifest.xml:27:13-29:85
143                android:name="com.google.firebase.components:com.google.firebase.crashlytics.ktx.FirebaseCrashlyticsKtxRegistrar"
143-->[com.google.firebase:firebase-crashlytics-ktx:18.2.11] AndroidManifest.xml:28:17-130
144                android:value="com.google.firebase.components.ComponentRegistrar" />
144-->[com.google.firebase:firebase-crashlytics-ktx:18.2.11] AndroidManifest.xml:29:17-82
145            <meta-data
145-->[com.google.firebase:firebase-analytics-ktx:21.0.0] AndroidManifest.xml:11:13-13:85
146                android:name="com.google.firebase.components:com.google.firebase.analytics.ktx.FirebaseAnalyticsKtxRegistrar"
146-->[com.google.firebase:firebase-analytics-ktx:21.0.0] AndroidManifest.xml:12:17-126
147                android:value="com.google.firebase.components.ComponentRegistrar" />
147-->[com.google.firebase:firebase-analytics-ktx:21.0.0] AndroidManifest.xml:13:17-82
148            <meta-data
148-->[com.google.firebase:firebase-common-ktx:20.1.1] AndroidManifest.xml:15:13-17:85
149                android:name="com.google.firebase.components:com.google.firebase.ktx.FirebaseCommonKtxRegistrar"
149-->[com.google.firebase:firebase-common-ktx:20.1.1] AndroidManifest.xml:16:17-113
150                android:value="com.google.firebase.components.ComponentRegistrar" />
150-->[com.google.firebase:firebase-common-ktx:20.1.1] AndroidManifest.xml:17:17-82
151            <meta-data
151-->[com.google.firebase:firebase-crashlytics:18.2.11] AndroidManifest.xml:18:13-20:85
152                android:name="com.google.firebase.components:com.google.firebase.crashlytics.CrashlyticsRegistrar"
152-->[com.google.firebase:firebase-crashlytics:18.2.11] AndroidManifest.xml:19:17-115
153                android:value="com.google.firebase.components.ComponentRegistrar" />
153-->[com.google.firebase:firebase-crashlytics:18.2.11] AndroidManifest.xml:20:17-82
154            <meta-data
154-->[com.google.android.gms:play-services-measurement-api:21.0.0] AndroidManifest.xml:31:13-33:85
155                android:name="com.google.firebase.components:com.google.firebase.analytics.connector.internal.AnalyticsConnectorRegistrar"
155-->[com.google.android.gms:play-services-measurement-api:21.0.0] AndroidManifest.xml:32:17-139
156                android:value="com.google.firebase.components.ComponentRegistrar" />
156-->[com.google.android.gms:play-services-measurement-api:21.0.0] AndroidManifest.xml:33:17-82
157            <meta-data
157-->[com.google.firebase:firebase-installations:17.0.1] AndroidManifest.xml:18:13-20:85
158                android:name="com.google.firebase.components:com.google.firebase.installations.FirebaseInstallationsRegistrar"
158-->[com.google.firebase:firebase-installations:17.0.1] AndroidManifest.xml:19:17-127
159                android:value="com.google.firebase.components.ComponentRegistrar" />
159-->[com.google.firebase:firebase-installations:17.0.1] AndroidManifest.xml:20:17-82
160        </service>
161
162        <activity
162-->[com.google.android.gms:play-services-base:18.0.1] AndroidManifest.xml:20:9-22:45
163            android:name="com.google.android.gms.common.api.GoogleApiActivity"
163-->[com.google.android.gms:play-services-base:18.0.1] AndroidManifest.xml:20:19-85
164            android:exported="false"
164-->[com.google.android.gms:play-services-base:18.0.1] AndroidManifest.xml:22:19-43
165            android:theme="@android:style/Theme.Translucent.NoTitleBar" />
165-->[com.google.android.gms:play-services-base:18.0.1] AndroidManifest.xml:21:19-78
166
167        <provider
167-->[com.google.firebase:firebase-common:20.1.1] AndroidManifest.xml:26:9-31:39
168            android:name="com.google.firebase.provider.FirebaseInitProvider"
168-->[com.google.firebase:firebase-common:20.1.1] AndroidManifest.xml:27:13-77
169            android:authorities="al.viki.firebaseinitprovider"
169-->[com.google.firebase:firebase-common:20.1.1] AndroidManifest.xml:28:13-72
170            android:directBootAware="true"
170-->[com.google.firebase:firebase-common:20.1.1] AndroidManifest.xml:29:13-43
171            android:exported="false"
171-->[com.google.firebase:firebase-common:20.1.1] AndroidManifest.xml:30:13-37
172            android:initOrder="100" />
172-->[com.google.firebase:firebase-common:20.1.1] AndroidManifest.xml:31:13-36
173
174        <receiver
174-->[com.google.android.gms:play-services-measurement:21.0.0] AndroidManifest.xml:29:9-33:20
175            android:name="com.google.android.gms.measurement.AppMeasurementReceiver"
175-->[com.google.android.gms:play-services-measurement:21.0.0] AndroidManifest.xml:30:13-85
176            android:enabled="true"
176-->[com.google.android.gms:play-services-measurement:21.0.0] AndroidManifest.xml:31:13-35
177            android:exported="false" >
177-->[com.google.android.gms:play-services-measurement:21.0.0] AndroidManifest.xml:32:13-37
178        </receiver>
179
180        <service
180-->[com.google.android.gms:play-services-measurement:21.0.0] AndroidManifest.xml:35:9-38:40
181            android:name="com.google.android.gms.measurement.AppMeasurementService"
181-->[com.google.android.gms:play-services-measurement:21.0.0] AndroidManifest.xml:36:13-84
182            android:enabled="true"
182-->[com.google.android.gms:play-services-measurement:21.0.0] AndroidManifest.xml:37:13-35
183            android:exported="false" />
183-->[com.google.android.gms:play-services-measurement:21.0.0] AndroidManifest.xml:38:13-37
184        <service
184-->[com.google.android.gms:play-services-measurement:21.0.0] AndroidManifest.xml:39:9-43:72
185            android:name="com.google.android.gms.measurement.AppMeasurementJobService"
185-->[com.google.android.gms:play-services-measurement:21.0.0] AndroidManifest.xml:40:13-87
186            android:enabled="true"
186-->[com.google.android.gms:play-services-measurement:21.0.0] AndroidManifest.xml:41:13-35
187            android:exported="false"
187-->[com.google.android.gms:play-services-measurement:21.0.0] AndroidManifest.xml:42:13-37
188            android:permission="android.permission.BIND_JOB_SERVICE" />
188-->[com.google.android.gms:play-services-measurement:21.0.0] AndroidManifest.xml:43:13-69
189
190        <uses-library
190-->[androidx.window:window:1.0.0] AndroidManifest.xml:25:9-27:40
191            android:name="androidx.window.extensions"
191-->[androidx.window:window:1.0.0] AndroidManifest.xml:26:13-54
192            android:required="false" />
192-->[androidx.window:window:1.0.0] AndroidManifest.xml:27:13-37
193        <uses-library
193-->[androidx.window:window:1.0.0] AndroidManifest.xml:28:9-30:40
194            android:name="androidx.window.sidecar"
194-->[androidx.window:window:1.0.0] AndroidManifest.xml:29:13-51
195            android:required="false" />
195-->[androidx.window:window:1.0.0] AndroidManifest.xml:30:13-37
196
197        <provider
197-->[androidx.emoji2:emoji2:1.2.0-alpha04] AndroidManifest.xml:26:9-34:20
198            android:name="androidx.startup.InitializationProvider"
198-->[androidx.emoji2:emoji2:1.2.0-alpha04] AndroidManifest.xml:27:13-67
199            android:authorities="al.viki.androidx-startup"
199-->[androidx.emoji2:emoji2:1.2.0-alpha04] AndroidManifest.xml:28:13-68
200            android:exported="false" >
200-->[androidx.emoji2:emoji2:1.2.0-alpha04] AndroidManifest.xml:29:13-37
201            <meta-data
201-->[androidx.emoji2:emoji2:1.2.0-alpha04] AndroidManifest.xml:31:13-33:52
202                android:name="androidx.emoji2.text.EmojiCompatInitializer"
202-->[androidx.emoji2:emoji2:1.2.0-alpha04] AndroidManifest.xml:32:17-75
203                android:value="androidx.startup" />
203-->[androidx.emoji2:emoji2:1.2.0-alpha04] AndroidManifest.xml:33:17-49
204            <meta-data
204-->[androidx.work:work-runtime:2.7.1] AndroidManifest.xml:36:13-38:52
205                android:name="androidx.work.WorkManagerInitializer"
205-->[androidx.work:work-runtime:2.7.1] AndroidManifest.xml:37:17-68
206                android:value="androidx.startup" />
206-->[androidx.work:work-runtime:2.7.1] AndroidManifest.xml:38:17-49
207            <meta-data
207-->[androidx.lifecycle:lifecycle-process:2.4.1] AndroidManifest.xml:31:13-33:52
208                android:name="androidx.lifecycle.ProcessLifecycleInitializer"
208-->[androidx.lifecycle:lifecycle-process:2.4.1] AndroidManifest.xml:32:17-78
209                android:value="androidx.startup" />
209-->[androidx.lifecycle:lifecycle-process:2.4.1] AndroidManifest.xml:33:17-49
210        </provider>
211
212        <service
212-->[androidx.work:work-runtime:2.7.1] AndroidManifest.xml:41:9-46:35
213            android:name="androidx.work.impl.background.systemalarm.SystemAlarmService"
213-->[androidx.work:work-runtime:2.7.1] AndroidManifest.xml:42:13-88
214            android:directBootAware="false"
214-->[androidx.work:work-runtime:2.7.1] AndroidManifest.xml:43:13-44
215            android:enabled="@bool/enable_system_alarm_service_default"
215-->[androidx.work:work-runtime:2.7.1] AndroidManifest.xml:44:13-72
216            android:exported="false" />
216-->[androidx.work:work-runtime:2.7.1] AndroidManifest.xml:45:13-37
217        <service
217-->[androidx.work:work-runtime:2.7.1] AndroidManifest.xml:47:9-53:35
218            android:name="androidx.work.impl.background.systemjob.SystemJobService"
218-->[androidx.work:work-runtime:2.7.1] AndroidManifest.xml:48:13-84
219            android:directBootAware="false"
219-->[androidx.work:work-runtime:2.7.1] AndroidManifest.xml:49:13-44
220            android:enabled="@bool/enable_system_job_service_default"
220-->[androidx.work:work-runtime:2.7.1] AndroidManifest.xml:50:13-70
221            android:exported="true"
221-->[androidx.work:work-runtime:2.7.1] AndroidManifest.xml:51:13-36
222            android:permission="android.permission.BIND_JOB_SERVICE" />
222-->[androidx.work:work-runtime:2.7.1] AndroidManifest.xml:52:13-69
223        <service
223-->[androidx.work:work-runtime:2.7.1] AndroidManifest.xml:54:9-59:35
224            android:name="androidx.work.impl.foreground.SystemForegroundService"
224-->[androidx.work:work-runtime:2.7.1] AndroidManifest.xml:55:13-81
225            android:directBootAware="false"
225-->[androidx.work:work-runtime:2.7.1] AndroidManifest.xml:56:13-44
226            android:enabled="@bool/enable_system_foreground_service_default"
226-->[androidx.work:work-runtime:2.7.1] AndroidManifest.xml:57:13-77
227            android:exported="false" />
227-->[androidx.work:work-runtime:2.7.1] AndroidManifest.xml:58:13-37
228
229        <receiver
229-->[androidx.work:work-runtime:2.7.1] AndroidManifest.xml:61:9-66:35
230            android:name="androidx.work.impl.utils.ForceStopRunnable$BroadcastReceiver"
230-->[androidx.work:work-runtime:2.7.1] AndroidManifest.xml:62:13-88
231            android:directBootAware="false"
231-->[androidx.work:work-runtime:2.7.1] AndroidManifest.xml:63:13-44
232            android:enabled="true"
232-->[androidx.work:work-runtime:2.7.1] AndroidManifest.xml:64:13-35
233            android:exported="false" />
233-->[androidx.work:work-runtime:2.7.1] AndroidManifest.xml:65:13-37
234        <receiver
234-->[androidx.work:work-runtime:2.7.1] AndroidManifest.xml:67:9-77:20
235            android:name="androidx.work.impl.background.systemalarm.ConstraintProxy$BatteryChargingProxy"
235-->[androidx.work:work-runtime:2.7.1] AndroidManifest.xml:68:13-106
236            android:directBootAware="false"
236-->[androidx.work:work-runtime:2.7.1] AndroidManifest.xml:69:13-44
237            android:enabled="false"
237-->[androidx.work:work-runtime:2.7.1] AndroidManifest.xml:70:13-36
238            android:exported="false" >
238-->[androidx.work:work-runtime:2.7.1] AndroidManifest.xml:71:13-37
239            <intent-filter>
239-->[androidx.work:work-runtime:2.7.1] AndroidManifest.xml:73:13-76:29
240                <action android:name="android.intent.action.ACTION_POWER_CONNECTED" />
240-->[androidx.work:work-runtime:2.7.1] AndroidManifest.xml:74:17-87
240-->[androidx.work:work-runtime:2.7.1] AndroidManifest.xml:74:25-84
241                <action android:name="android.intent.action.ACTION_POWER_DISCONNECTED" />
241-->[androidx.work:work-runtime:2.7.1] AndroidManifest.xml:75:17-90
241-->[androidx.work:work-runtime:2.7.1] AndroidManifest.xml:75:25-87
242            </intent-filter>
243        </receiver>
244        <receiver
244-->[androidx.work:work-runtime:2.7.1] AndroidManifest.xml:78:9-88:20
245            android:name="androidx.work.impl.background.systemalarm.ConstraintProxy$BatteryNotLowProxy"
245-->[androidx.work:work-runtime:2.7.1] AndroidManifest.xml:79:13-104
246            android:directBootAware="false"
246-->[androidx.work:work-runtime:2.7.1] AndroidManifest.xml:80:13-44
247            android:enabled="false"
247-->[androidx.work:work-runtime:2.7.1] AndroidManifest.xml:81:13-36
248            android:exported="false" >
248-->[androidx.work:work-runtime:2.7.1] AndroidManifest.xml:82:13-37
249            <intent-filter>
249-->[androidx.work:work-runtime:2.7.1] AndroidManifest.xml:84:13-87:29
250                <action android:name="android.intent.action.BATTERY_OKAY" />
250-->[androidx.work:work-runtime:2.7.1] AndroidManifest.xml:85:17-77
250-->[androidx.work:work-runtime:2.7.1] AndroidManifest.xml:85:25-74
251                <action android:name="android.intent.action.BATTERY_LOW" />
251-->[androidx.work:work-runtime:2.7.1] AndroidManifest.xml:86:17-76
251-->[androidx.work:work-runtime:2.7.1] AndroidManifest.xml:86:25-73
252            </intent-filter>
253        </receiver>
254        <receiver
254-->[androidx.work:work-runtime:2.7.1] AndroidManifest.xml:89:9-99:20
255            android:name="androidx.work.impl.background.systemalarm.ConstraintProxy$StorageNotLowProxy"
255-->[androidx.work:work-runtime:2.7.1] AndroidManifest.xml:90:13-104
256            android:directBootAware="false"
256-->[androidx.work:work-runtime:2.7.1] AndroidManifest.xml:91:13-44
257            android:enabled="false"
257-->[androidx.work:work-runtime:2.7.1] AndroidManifest.xml:92:13-36
258            android:exported="false" >
258-->[androidx.work:work-runtime:2.7.1] AndroidManifest.xml:93:13-37
259            <intent-filter>
259-->[androidx.work:work-runtime:2.7.1] AndroidManifest.xml:95:13-98:29
260                <action android:name="android.intent.action.DEVICE_STORAGE_LOW" />
260-->[androidx.work:work-runtime:2.7.1] AndroidManifest.xml:96:17-83
260-->[androidx.work:work-runtime:2.7.1] AndroidManifest.xml:96:25-80
261                <action android:name="android.intent.action.DEVICE_STORAGE_OK" />
261-->[androidx.work:work-runtime:2.7.1] AndroidManifest.xml:97:17-82
261-->[androidx.work:work-runtime:2.7.1] AndroidManifest.xml:97:25-79
262            </intent-filter>
263        </receiver>
264        <receiver
264-->[androidx.work:work-runtime:2.7.1] AndroidManifest.xml:100:9-109:20
265            android:name="androidx.work.impl.background.systemalarm.ConstraintProxy$NetworkStateProxy"
265-->[androidx.work:work-runtime:2.7.1] AndroidManifest.xml:101:13-103
266            android:directBootAware="false"
266-->[androidx.work:work-runtime:2.7.1] AndroidManifest.xml:102:13-44
267            android:enabled="false"
267-->[androidx.work:work-runtime:2.7.1] AndroidManifest.xml:103:13-36
268            android:exported="false" >
268-->[androidx.work:work-runtime:2.7.1] AndroidManifest.xml:104:13-37
269            <intent-filter>
269-->[androidx.work:work-runtime:2.7.1] AndroidManifest.xml:106:13-108:29
270                <action android:name="android.net.conn.CONNECTIVITY_CHANGE" />
270-->[androidx.work:work-runtime:2.7.1] AndroidManifest.xml:107:17-79
270-->[androidx.work:work-runtime:2.7.1] AndroidManifest.xml:107:25-76
271            </intent-filter>
272        </receiver>
273        <receiver
273-->[androidx.work:work-runtime:2.7.1] AndroidManifest.xml:110:9-121:20
274            android:name="androidx.work.impl.background.systemalarm.RescheduleReceiver"
274-->[androidx.work:work-runtime:2.7.1] AndroidManifest.xml:111:13-88
275            android:directBootAware="false"
275-->[androidx.work:work-runtime:2.7.1] AndroidManifest.xml:112:13-44
276            android:enabled="false"
276-->[androidx.work:work-runtime:2.7.1] AndroidManifest.xml:113:13-36
277            android:exported="false" >
277-->[androidx.work:work-runtime:2.7.1] AndroidManifest.xml:114:13-37
278            <intent-filter>
278-->[androidx.work:work-runtime:2.7.1] AndroidManifest.xml:116:13-120:29